<?xml version="1.0" encoding="ISO-8859-1"?>

<configuration xmlns:xsi="http://www.w3.org/2001/XMLSchema-instance"
  xsi:schemaLocation="http://www.exoplatform.org/xml/ns/kernel_1_2.xsd http://www.exoplatform.org/xml/ns/kernel_1_2.xsd"
  xmlns="http://www.exoplatform.org/xml/ns/kernel_1_2.xsd">

  <component>
    <type>org.exoplatform.datacollector.DataCollectorService</type>
  </component>
  <component>
    <type>org.exoplatform.datacollector.ResourceBundleService</type>
  </component>
  <component>
    <key>org.exoplatform.services.resources.ResourceBundleService</key>
    <type>org.exoplatform.datacollector.ResourceBundleServiceMock</type>
  </component>
  
    <component>
    <key>org.exoplatform.calendar.service.CalendarService</key>
    <type>org.exoplatform.calendar.service.impl.CalendarServiceImpl</type>
  </component>
</configuration>