<?xml version="1.0" encoding="UTF-8"?>
<!--

  Copyright (C) 2003-2018 eXo Platform SAS.

  This program is free software: you can redistribute it and/or modify
  it under the terms of the GNU Affero General Public License as published by
  the Free Software Foundation, either version 3 of the License, or
  (at your option) any later version.

  This program is distributed in the hope that it will be useful,
  but WITHOUT ANY WARRANTY; without even the implied warranty of
  MERCHANTABILITY or FITNESS FOR A PARTICULAR PURPOSE. See the
  GNU Affero General Public License for more details.

  You should have received a copy of the GNU Affero General Public License
  along with this program. If not, see <http://www.gnu.org/licenses/>.

-->
<configuration xmlns:xsi="http://www.w3.org/2001/XMLSchema-instance"
  xsi:schemaLocation="http://www.exoplaform.org/xml/ns/kernel_1_2.xsd http://www.exoplaform.org/xml/ns/kernel_1_2.xsd"
  xmlns="http://www.exoplaform.org/xml/ns/kernel_1_2.xsd">

  <!-- ECMS -->
  
  <component>
    <key>org.exoplatform.services.cms.link.LinkManager</key>
    <type>org.exoplatform.services.cms.link.impl.LinkManagerImpl</type>
  </component>
  
  <component>
    <key>org.exoplatform.services.cms.drives.ManageDriveService</key>
    <type>org.exoplatform.services.cms.drives.impl.ManageDriveServiceImpl</type>
  </component>

  <component>
    <type>org.exoplatform.services.cms.impl.DMSConfiguration</type>
  </component>

  <component>
    <type>org.exoplatform.ecm.connector.platform.ManageDocumentService</type>
    <init-params>
      <value-param>
        <name>upload.limit.size</name>
        <description>Maximum size of the file to upload in MB</description>
        <value> ${wcm.connector.drives.uploadLimit:200}</value>
      </value-param>
    </init-params>
  </component>

  <component>
    <key>org.exoplatform.services.cms.documents.AutoVersionService</key>
    <type>org.exoplatform.services.cms.documents.impl.AutoVersionServiceImpl</type>
    <description>Document Auto Versioning Service</description>
    <init-params>
      <value-param>
        <name>ecms.documents.versioning.drives</name>
        <description>List Drive applied Document Auto Versioning feature</description>
        <value>${jcr.documents.versioning.drives:Personal Documents}</value>
      </value-param>
      <value-param>
        <name>ecms.documents.versions.max</name>
        <description>Declare max document's version number</description>
        <value>${jcr.documents.versions.max:0}</value>
      </value-param>
      <value-param>
        <name>ecms.documents.versions.expiration</name>
        <description>Declare max expired time of document's version</description>
        <value>${jcr.documents.versions.expiration:0}</value>
      </value-param>
    </init-params>
  </component>

  <component>
    <key>org.exoplatform.services.cms.templates.TemplateService</key>
    <type>org.exoplatform.services.cms.templates.impl.TemplateServiceImpl</type>
  </component>

  <component>
    <type>org.exoplatform.services.cms.jcrext.activity.ActivityCommonService</type>
    <init-params>
      <value-param>
        <name>acceptedNodeTypes</name>
        <value>{exo:accessibleMedia}{exo:article}{exo:contact_us}{exo:event}{exo:htmlFile}{rma:filePlan}{exo:webContent}{kfx:document}{exo:pictureOnHeadWebcontent}{exo:podcast}{exo:sample}{exo:link}
        </value>
      </value-param>
      <value-param>
        <name>acceptedProperties</name>
        <value>{dc:title}{dc:description}{dc:creator}{dc:source}{exo:summary}{exo:title}{exo:language}{exo:text}</value>
      </value-param>
      <value-param>
        <name>acceptedFileProperties</name>
        <value>{dc:title}{dc:description}{dc:creator}{dc:source}{exo:summary}{exo:title}{exo:language}{jcr:data}</value>
      </value-param>
    </init-params>
  </component>

  <external-component-plugins>
    <target-component>org.exoplatform.services.jcr.ext.hierarchy.NodeHierarchyCreator</target-component>
    <component-plugin>
      <name>addPaths</name>
      <set-method>addPlugin</set-method>
      <type>org.exoplatform.services.jcr.ext.hierarchy.impl.AddPathPlugin</type>
      <init-params>
        <object-param>
          <name>cms.configuration</name>
          <description>configuration for the cms path</description>
          <object type="org.exoplatform.services.jcr.ext.hierarchy.impl.HierarchyConfig">
            <field name="workspaces">
              <collection type="java.util.ArrayList">
                <value>
                  <string>portal-test</string>
                </value>
              </collection>
            </field>
            <field name="jcrPaths">
              <collection type="java.util.ArrayList">
                <value>
                  <object type="org.exoplatform.services.jcr.ext.hierarchy.impl.HierarchyConfig$JcrPath">
                    <field name="alias">
                      <string>exoECMSystemPath</string>
                    </field>
                    <field name="path">
                      <string>/exo:ecm</string>
                    </field>
                    <field name="permissions">
                      <collection type="java.util.ArrayList">
                        <value>
                          <object type="org.exoplatform.services.jcr.ext.hierarchy.impl.HierarchyConfig$Permission">
                            <field name="identity">
                              <string>*:/platform/administrators</string>
                            </field>
                            <field name="read">
                              <string>true</string>
                            </field>
                            <field name="addNode">
                              <string>true</string>
                            </field>
                            <field name="setProperty">
                              <string>true</string>
                            </field>
                            <field name="remove">
                              <string>true</string>
                            </field>
                          </object>
                        </value>
                        <value>
                          <object type="org.exoplatform.services.jcr.ext.hierarchy.impl.HierarchyConfig$Permission">
                            <field name="identity">
                              <string>any</string>
                            </field>
                            <field name="read">
                              <string>true</string>
                            </field>
                            <field name="addNode">
                              <string>false</string>
                            </field>
                            <field name="setProperty">
                              <string>false</string>
                            </field>
                            <field name="remove">
                              <string>false</string>
                            </field>
                          </object>
                        </value>
                      </collection>
                    </field>
                  </object>
                </value>
                <value>
                  <object type="org.exoplatform.services.jcr.ext.hierarchy.impl.HierarchyConfig$JcrPath">
                    <field name="alias">
                      <string>exoTaxoTreesDefinitionPath</string>
                    </field>
                    <field name="path">
                      <string>/exo:ecm/exo:taxonomyTrees/definition</string>
                    </field>
                    <field name="permissions">
                      <collection type="java.util.ArrayList">
                        <value>
                          <object type="org.exoplatform.services.jcr.ext.hierarchy.impl.HierarchyConfig$Permission">
                            <field name="identity">
                              <string>*:/platform/administrators</string>
                            </field>
                            <field name="read">
                              <string>true</string>
                            </field>
                            <field name="addNode">
                              <string>true</string>
                            </field>
                            <field name="setProperty">
                              <string>true</string>
                            </field>
                            <field name="remove">
                              <string>true</string>
                            </field>
                          </object>
                        </value>
                        <value>
                          <object type="org.exoplatform.services.jcr.ext.hierarchy.impl.HierarchyConfig$Permission">
                            <field name="identity">
                              <string>any</string>
                            </field>
                            <field name="read">
                              <string>true</string>
                            </field>
                            <field name="addNode">
                              <string>false</string>
                            </field>
                            <field name="setProperty">
                              <string>false</string>
                            </field>
                            <field name="remove">
                              <string>false</string>
                            </field>
                          </object>
                        </value>
                      </collection>
                    </field>
                  </object>
                </value>
                <value>
                  <object type="org.exoplatform.services.jcr.ext.hierarchy.impl.HierarchyConfig$JcrPath">
                    <field name="alias">
                      <string>exoTaxoTreesStoragePath</string>
                    </field>
                    <field name="path">
                      <string>/exo:ecm/exo:taxonomyTrees/storage</string>
                    </field>
                    <field name="permissions">
                      <collection type="java.util.ArrayList">
                        <value>
                          <object type="org.exoplatform.services.jcr.ext.hierarchy.impl.HierarchyConfig$Permission">
                            <field name="identity">
                              <string>*:/platform/administrators</string>
                            </field>
                            <field name="read">
                              <string>true</string>
                            </field>
                            <field name="addNode">
                              <string>true</string>
                            </field>
                            <field name="setProperty">
                              <string>true</string>
                            </field>
                            <field name="remove">
                              <string>true</string>
                            </field>
                          </object>
                        </value>
                      </collection>
                    </field>
                  </object>
                </value>
                <value>
                  <object type="org.exoplatform.services.jcr.ext.hierarchy.impl.HierarchyConfig$JcrPath">
                    <field name="alias">
                      <string>exoDrivesPath</string>
                    </field>
                    <field name="path">
                      <string>/exo:ecm/exo:drives</string>
                    </field>
                    <field name="permissions">
                      <collection type="java.util.ArrayList">
                        <value>
                          <object type="org.exoplatform.services.jcr.ext.hierarchy.impl.HierarchyConfig$Permission">
                            <field name="identity">
                              <string>*:/platform/administrators</string>
                            </field>
                            <field name="read">
                              <string>true</string>
                            </field>
                            <field name="addNode">
                              <string>true</string>
                            </field>
                            <field name="setProperty">
                              <string>true</string>
                            </field>
                            <field name="remove">
                              <string>true</string>
                            </field>
                          </object>
                        </value>
                      </collection>
                    </field>
                  </object>
                </value>
                <value>
                  <object type="org.exoplatform.services.jcr.ext.hierarchy.impl.HierarchyConfig$JcrPath">
                    <field name="alias">
                      <string>templatesPath</string>
                    </field>
                    <field name="path">
                      <string>/exo:ecm/templates</string>
                    </field>
                    <field name="permissions">
                      <collection type="java.util.ArrayList">
                        <value>
                          <object type="org.exoplatform.services.jcr.ext.hierarchy.impl.HierarchyConfig$Permission">
                            <field name="identity">
                              <string>*:/platform/administrators</string>
                            </field>
                            <field name="read">
                              <string>true</string>
                            </field>
                            <field name="addNode">
                              <string>true</string>
                            </field>
                            <field name="setProperty">
                              <string>true</string>
                            </field>
                            <field name="remove">
                              <string>true</string>
                            </field>
                          </object>
                        </value>
                      </collection>
                    </field>
                  </object>
                </value>
                <value>
                  <object type="org.exoplatform.services.jcr.ext.hierarchy.impl.HierarchyConfig$JcrPath">
                    <field name="alias">
                      <string>cmsScriptsPath</string>
                    </field>
                    <field name="path">
                      <string>/exo:ecm/scripts</string>
                    </field>
                    <field name="permissions">
                      <collection type="java.util.ArrayList">
                        <value>
                          <object type="org.exoplatform.services.jcr.ext.hierarchy.impl.HierarchyConfig$Permission">
                            <field name="identity">
                              <string>*:/platform/administrators</string>
                            </field>
                            <field name="read">
                              <string>true</string>
                            </field>
                            <field name="addNode">
                              <string>true</string>
                            </field>
                            <field name="setProperty">
                              <string>true</string>
                            </field>
                            <field name="remove">
                              <string>true</string>
                            </field>
                          </object>
                        </value>
                      </collection>
                    </field>
                  </object>
                </value>
                <value>
                  <object type="org.exoplatform.services.jcr.ext.hierarchy.impl.HierarchyConfig$JcrPath">
                    <field name="alias">
                      <string>ecmExplorerScripts</string>
                    </field>
                    <field name="path">
                      <string>/exo:ecm/scripts/ecm-explorer</string>
                    </field>
                    <field name="permissions">
                      <collection type="java.util.ArrayList">
                        <value>
                          <object type="org.exoplatform.services.jcr.ext.hierarchy.impl.HierarchyConfig$Permission">
                            <field name="identity">
                              <string>*:/platform/administrators</string>
                            </field>
                            <field name="read">
                              <string>true</string>
                            </field>
                            <field name="addNode">
                              <string>true</string>
                            </field>
                            <field name="setProperty">
                              <string>true</string>
                            </field>
                            <field name="remove">
                              <string>true</string>
                            </field>
                          </object>
                        </value>
                      </collection>
                    </field>
                  </object>
                </value>
                <value>
                  <object type="org.exoplatform.services.jcr.ext.hierarchy.impl.HierarchyConfig$JcrPath">
                    <field name="alias">
                      <string>ecmActionScripts</string>
                    </field>
                    <field name="path">
                      <string>/exo:ecm/scripts/ecm-explorer/action</string>
                    </field>
                    <field name="permissions">
                      <collection type="java.util.ArrayList">
                        <value>
                          <object type="org.exoplatform.services.jcr.ext.hierarchy.impl.HierarchyConfig$Permission">
                            <field name="identity">
                              <string>*:/platform/administrators</string>
                            </field>
                            <field name="read">
                              <string>true</string>
                            </field>
                            <field name="addNode">
                              <string>true</string>
                            </field>
                            <field name="setProperty">
                              <string>true</string>
                            </field>
                            <field name="remove">
                              <string>true</string>
                            </field>
                          </object>
                        </value>
                      </collection>
                    </field>
                  </object>
                </value>
                <value>
                  <object type="org.exoplatform.services.jcr.ext.hierarchy.impl.HierarchyConfig$JcrPath">
                    <field name="alias">
                      <string>ecmInterceptorScripts</string>
                    </field>
                    <field name="path">
                      <string>/exo:ecm/scripts/ecm-explorer/interceptor</string>
                    </field>
                    <field name="permissions">
                      <collection type="java.util.ArrayList">
                        <value>
                          <object type="org.exoplatform.services.jcr.ext.hierarchy.impl.HierarchyConfig$Permission">
                            <field name="identity">
                              <string>*:/platform/administrators</string>
                            </field>
                            <field name="read">
                              <string>true</string>
                            </field>
                            <field name="addNode">
                              <string>true</string>
                            </field>
                            <field name="setProperty">
                              <string>true</string>
                            </field>
                            <field name="remove">
                              <string>true</string>
                            </field>
                          </object>
                        </value>
                      </collection>
                    </field>
                  </object>
                </value>
                <value>
                  <object type="org.exoplatform.services.jcr.ext.hierarchy.impl.HierarchyConfig$JcrPath">
                    <field name="alias">
                      <string>ecmWidgetScripts</string>
                    </field>
                    <field name="path">
                      <string>/exo:ecm/scripts/ecm-explorer/widget</string>
                    </field>
                    <field name="permissions">
                      <collection type="java.util.ArrayList">
                        <value>
                          <object type="org.exoplatform.services.jcr.ext.hierarchy.impl.HierarchyConfig$Permission">
                            <field name="identity">
                              <string>*:/platform/administrators</string>
                            </field>
                            <field name="read">
                              <string>true</string>
                            </field>
                            <field name="addNode">
                              <string>true</string>
                            </field>
                            <field name="setProperty">
                              <string>true</string>
                            </field>
                            <field name="remove">
                              <string>true</string>
                            </field>
                          </object>
                        </value>
                      </collection>
                    </field>
                  </object>
                </value>
                <value>
                  <object type="org.exoplatform.services.jcr.ext.hierarchy.impl.HierarchyConfig$JcrPath">
                    <field name="alias">
                      <string>metadataPath</string>
                    </field>
                    <field name="path">
                      <string>/exo:ecm/metadata</string>
                    </field>
                    <field name="permissions">
                      <collection type="java.util.ArrayList">
                        <value>
                          <object type="org.exoplatform.services.jcr.ext.hierarchy.impl.HierarchyConfig$Permission">
                            <field name="identity">
                              <string>*:/platform/administrators</string>
                            </field>
                            <field name="read">
                              <string>true</string>
                            </field>
                            <field name="addNode">
                              <string>true</string>
                            </field>
                            <field name="setProperty">
                              <string>true</string>
                            </field>
                            <field name="remove">
                              <string>true</string>
                            </field>
                          </object>
                        </value>
                      </collection>
                    </field>
                  </object>
                </value>
                <value>
                  <object type="org.exoplatform.services.jcr.ext.hierarchy.impl.HierarchyConfig$JcrPath">
                    <field name="alias">
                      <string>queriesPath</string>
                    </field>
                    <field name="path">
                      <string>/exo:ecm/queries</string>
                    </field>
                    <field name="permissions">
                      <collection type="java.util.ArrayList">
                        <value>
                          <object type="org.exoplatform.services.jcr.ext.hierarchy.impl.HierarchyConfig$Permission">
                            <field name="identity">
                              <string>*:/platform/administrators</string>
                            </field>
                            <field name="read">
                              <string>true</string>
                            </field>
                            <field name="addNode">
                              <string>true</string>
                            </field>
                            <field name="setProperty">
                              <string>true</string>
                            </field>
                            <field name="remove">
                              <string>true</string>
                            </field>
                          </object>
                        </value>
                      </collection>
                    </field>
                  </object>
                </value>
                <value>
                  <object type="org.exoplatform.services.jcr.ext.hierarchy.impl.HierarchyConfig$JcrPath">
                    <field name="alias">
                      <string>viewsPath</string>
                    </field>
                    <field name="path">
                      <string>/exo:ecm/views</string>
                    </field>
                    <field name="permissions">
                      <collection type="java.util.ArrayList">
                        <value>
                          <object type="org.exoplatform.services.jcr.ext.hierarchy.impl.HierarchyConfig$Permission">
                            <field name="identity">
                              <string>*:/platform/administrators</string>
                            </field>
                            <field name="read">
                              <string>true</string>
                            </field>
                            <field name="addNode">
                              <string>true</string>
                            </field>
                            <field name="setProperty">
                              <string>true</string>
                            </field>
                            <field name="remove">
                              <string>true</string>
                            </field>
                          </object>
                        </value>
                      </collection>
                    </field>
                  </object>
                </value>
                <value>
                  <object type="org.exoplatform.services.jcr.ext.hierarchy.impl.HierarchyConfig$JcrPath">
                    <field name="alias">
                      <string>viewTemplatesPath</string>
                    </field>
                    <field name="path">
                      <string>/exo:ecm/views/templates</string>
                    </field>
                    <field name="permissions">
                      <collection type="java.util.ArrayList">
                        <value>
                          <object type="org.exoplatform.services.jcr.ext.hierarchy.impl.HierarchyConfig$Permission">
                            <field name="identity">
                              <string>*:/platform/administrators</string>
                            </field>
                            <field name="read">
                              <string>true</string>
                            </field>
                            <field name="addNode">
                              <string>true</string>
                            </field>
                            <field name="setProperty">
                              <string>true</string>
                            </field>
                            <field name="remove">
                              <string>true</string>
                            </field>
                          </object>
                        </value>
                      </collection>
                    </field>
                  </object>
                </value>
                <value>
                  <object type="org.exoplatform.services.jcr.ext.hierarchy.impl.HierarchyConfig$JcrPath">
                    <field name="alias">
                      <string>userViewsPath</string>
                    </field>
                    <field name="path">
                      <string>/exo:ecm/views/userviews</string>
                    </field>
                    <field name="permissions">
                      <collection type="java.util.ArrayList">
                        <value>
                          <object type="org.exoplatform.services.jcr.ext.hierarchy.impl.HierarchyConfig$Permission">
                            <field name="identity">
                              <string>*:/platform/administrators</string>
                            </field>
                            <field name="read">
                              <string>true</string>
                            </field>
                            <field name="addNode">
                              <string>true</string>
                            </field>
                            <field name="setProperty">
                              <string>true</string>
                            </field>
                            <field name="remove">
                              <string>true</string>
                            </field>
                          </object>
                        </value>
                      </collection>
                    </field>
                  </object>
                </value>
                <value>
                  <object type="org.exoplatform.services.jcr.ext.hierarchy.impl.HierarchyConfig$JcrPath">
                    <field name="alias">
                      <string>ecmExplorerTemplates</string>
                    </field>
                    <field name="path">
                      <string>/exo:ecm/views/templates/ecm-explorer</string>
                    </field>
                    <field name="permissions">
                      <collection type="java.util.ArrayList">
                        <value>
                          <object type="org.exoplatform.services.jcr.ext.hierarchy.impl.HierarchyConfig$Permission">
                            <field name="identity">
                              <string>*:/platform/administrators</string>
                            </field>
                            <field name="read">
                              <string>true</string>
                            </field>
                            <field name="addNode">
                              <string>true</string>
                            </field>
                            <field name="setProperty">
                              <string>true</string>
                            </field>
                            <field name="remove">
                              <string>true</string>
                            </field>
                          </object>
                        </value>
                      </collection>
                    </field>
                  </object>
                </value>
                <value>
                  <object type="org.exoplatform.services.jcr.ext.hierarchy.impl.HierarchyConfig$JcrPath">
                    <field name="alias">
                      <string>exoTagsPath</string>
                    </field>
                    <field name="path">
                      <string>/jcr:system/exo:ecm/exo:folksonomies/exo:tags</string>
                    </field>
                    <field name="permissions">
                      <collection type="java.util.ArrayList">
                        <value>
                          <object type="org.exoplatform.services.jcr.ext.hierarchy.impl.HierarchyConfig$Permission">
                            <field name="identity">
                              <string>*:/platform/administrators</string>
                            </field>
                            <field name="read">
                              <string>true</string>
                            </field>
                            <field name="addNode">
                              <string>true</string>
                            </field>
                            <field name="setProperty">
                              <string>true</string>
                            </field>
                            <field name="remove">
                              <string>true</string>
                            </field>
                          </object>
                        </value>
                      </collection>
                    </field>
                  </object>
                </value>
                <value>
                  <object type="org.exoplatform.services.jcr.ext.hierarchy.impl.HierarchyConfig$JcrPath">
                    <field name="alias">
                      <string>exoTagStylePath</string>
                    </field>
                    <field name="path">
                      <string>/jcr:system/exo:ecm/exo:folksonomies/exo:tagStyle</string>
                    </field>
                    <field name="permissions">
                      <collection type="java.util.ArrayList">
                        <value>
                          <object type="org.exoplatform.services.jcr.ext.hierarchy.impl.HierarchyConfig$Permission">
                            <field name="identity">
                              <string>*:/platform/administrators</string>
                            </field>
                            <field name="read">
                              <string>true</string>
                            </field>
                            <field name="addNode">
                              <string>true</string>
                            </field>
                            <field name="setProperty">
                              <string>true</string>
                            </field>
                            <field name="remove">
                              <string>true</string>
                            </field>
                          </object>
                        </value>
                      </collection>
                    </field>
                  </object>
                </value>
                <value>
                  <object type="org.exoplatform.services.jcr.ext.hierarchy.impl.HierarchyConfig$JcrPath">
                    <field name="alias">
                      <string>exoFolksonomiesPath</string>
                    </field>
                    <field name="path">
                      <string>/jcr:system/exo:ecm/exo:folksonomies</string>
                    </field>
                    <field name="permissions">
                      <collection type="java.util.ArrayList">
                        <value>
                          <object type="org.exoplatform.services.jcr.ext.hierarchy.impl.HierarchyConfig$Permission">
                            <field name="identity">
                              <string>*:/platform/administrators</string>
                            </field>
                            <field name="read">
                              <string>true</string>
                            </field>
                            <field name="addNode">
                              <string>true</string>
                            </field>
                            <field name="setProperty">
                              <string>true</string>
                            </field>
                            <field name="remove">
                              <string>true</string>
                            </field>
                          </object>
                        </value>
                      </collection>
                    </field>
                  </object>
                </value>
                <value>
                  <object type="org.exoplatform.services.jcr.ext.hierarchy.impl.HierarchyConfig$JcrPath">
                    <field name="alias">
                      <string>exoPublicTagNode</string>
                    </field>
                    <field name="path">
                      <string>/Application Data/Tags</string>
                    </field>
                    <field name="permissions">
                      <collection type="java.util.ArrayList">
                        <value>
                          <object type="org.exoplatform.services.jcr.ext.hierarchy.impl.HierarchyConfig$Permission">
                            <field name="identity">
                              <string>*:/platform/administrators</string>
                            </field>
                            <field name="read">
                              <string>true</string>
                            </field>
                            <field name="addNode">
                              <string>true</string>
                            </field>
                            <field name="setProperty">
                              <string>true</string>
                            </field>
                            <field name="remove">
                              <string>true</string>
                            </field>
                          </object>
                        </value>
                        <value>
                          <object type="org.exoplatform.services.jcr.ext.hierarchy.impl.HierarchyConfig$Permission">
                            <field name="identity">
                              <string>*:/platform/users</string>
                            </field>
                            <field name="read">
                              <string>true</string>
                            </field>
                            <field name="addNode">
                              <string>true</string>
                            </field>
                            <field name="setProperty">
                              <string>true</string>
                            </field>
                            <field name="remove">
                              <string>true</string>
                            </field>
                          </object>
                        </value>
                        <value>
                          <object type="org.exoplatform.services.jcr.ext.hierarchy.impl.HierarchyConfig$Permission">
                            <field name="identity">
                              <string>any</string>
                            </field>
                            <field name="read">
                              <string>true</string>
                            </field>
                            <field name="addNode">
                              <string>false</string>
                            </field>
                            <field name="setProperty">
                              <string>false</string>
                            </field>
                            <field name="remove">
                              <string>false</string>
                            </field>
                          </object>
                        </value>
                      </collection>
                    </field>
                  </object>
                </value>
                <value>
                  <object type="org.exoplatform.services.jcr.ext.hierarchy.impl.HierarchyConfig$JcrPath">
                    <field name="alias">
                      <string>digitalAssetsPath</string>
                    </field>
                    <field name="path">
                      <string>/Digital Assets</string>
                    </field>
                    <field name="permissions">
                      <collection type="java.util.ArrayList">
                        <value>
                          <object type="org.exoplatform.services.jcr.ext.hierarchy.impl.HierarchyConfig$Permission">
                            <field name="identity">
                              <string>*:/platform/administrators</string>
                            </field>
                            <field name="read">
                              <string>true</string>
                            </field>
                            <field name="addNode">
                              <string>true</string>
                            </field>
                            <field name="setProperty">
                              <string>true</string>
                            </field>
                            <field name="remove">
                              <string>true</string>
                            </field>
                          </object>
                        </value>
                        <value>
                          <object type="org.exoplatform.services.jcr.ext.hierarchy.impl.HierarchyConfig$Permission">
                            <field name="identity">
                              <string>*:/platform/users</string>
                            </field>
                            <field name="read">
                              <string>true</string>
                            </field>
                            <field name="addNode">
                              <string>true</string>
                            </field>
                            <field name="setProperty">
                              <string>true</string>
                            </field>
                            <field name="remove">
                              <string>false</string>
                            </field>
                          </object>
                        </value>
                      </collection>
                    </field>
                  </object>
                </value>
                <value>
                  <object type="org.exoplatform.services.jcr.ext.hierarchy.impl.HierarchyConfig$JcrPath">
                    <field name="alias">
                      <string>digitalPicturePath</string>
                    </field>
                    <field name="path">
                      <string>/Digital Assets/Pictures</string>
                    </field>
                    <field name="mixinTypes">
                      <collection type="java.util.ArrayList">
                        <value>
                          <string>exo:pictureFolder</string>
                        </value>
                      </collection>
                    </field>
                    <field name="permissions">
                      <collection type="java.util.ArrayList">
                        <value>
                          <object type="org.exoplatform.services.jcr.ext.hierarchy.impl.HierarchyConfig$Permission">
                            <field name="identity">
                              <string>*:/platform/administrators</string>
                            </field>
                            <field name="read">
                              <string>true</string>
                            </field>
                            <field name="addNode">
                              <string>true</string>
                            </field>
                            <field name="setProperty">
                              <string>true</string>
                            </field>
                            <field name="remove">
                              <string>true</string>
                            </field>
                          </object>
                        </value>
                        <value>
                          <object type="org.exoplatform.services.jcr.ext.hierarchy.impl.HierarchyConfig$Permission">
                            <field name="identity">
                              <string>*:/platform/users</string>
                            </field>
                            <field name="read">
                              <string>true</string>
                            </field>
                            <field name="addNode">
                              <string>true</string>
                            </field>
                            <field name="setProperty">
                              <string>true</string>
                            </field>
                            <field name="remove">
                              <string>false</string>
                            </field>
                          </object>
                        </value>
                      </collection>
                    </field>
                  </object>
                </value>
                <value>
                  <object type="org.exoplatform.services.jcr.ext.hierarchy.impl.HierarchyConfig$JcrPath">
                    <field name="alias">
                      <string>digitalVideoPath</string>
                    </field>
                    <field name="path">
                      <string>/Digital Assets/Videos</string>
                    </field>
                    <field name="mixinTypes">
                      <collection type="java.util.ArrayList">
                        <value>
                          <string>exo:videoFolder</string>
                        </value>
                      </collection>
                    </field>
                    <field name="permissions">
                      <collection type="java.util.ArrayList">
                        <value>
                          <object type="org.exoplatform.services.jcr.ext.hierarchy.impl.HierarchyConfig$Permission">
                            <field name="identity">
                              <string>*:/platform/administrators</string>
                            </field>
                            <field name="read">
                              <string>true</string>
                            </field>
                            <field name="addNode">
                              <string>true</string>
                            </field>
                            <field name="setProperty">
                              <string>true</string>
                            </field>
                            <field name="remove">
                              <string>true</string>
                            </field>
                          </object>
                        </value>
                        <value>
                          <object type="org.exoplatform.services.jcr.ext.hierarchy.impl.HierarchyConfig$Permission">
                            <field name="identity">
                              <string>*:/platform/users</string>
                            </field>
                            <field name="read">
                              <string>true</string>
                            </field>
                            <field name="addNode">
                              <string>true</string>
                            </field>
                            <field name="setProperty">
                              <string>true</string>
                            </field>
                            <field name="remove">
                              <string>false</string>
                            </field>
                          </object>
                        </value>
                      </collection>
                    </field>
                  </object>
                </value>
                <value>
                  <object type="org.exoplatform.services.jcr.ext.hierarchy.impl.HierarchyConfig$JcrPath">
                    <field name="alias">
                      <string>digitalAudioPath</string>
                    </field>
                    <field name="path">
                      <string>/Digital Assets/Music</string>
                    </field>
                    <field name="mixinTypes">
                      <collection type="java.util.ArrayList">
                        <value>
                          <string>exo:musicFolder</string>
                        </value>
                      </collection>
                    </field>
                    <field name="permissions">
                      <collection type="java.util.ArrayList">
                        <value>
                          <object type="org.exoplatform.services.jcr.ext.hierarchy.impl.HierarchyConfig$Permission">
                            <field name="identity">
                              <string>*:/platform/administrators</string>
                            </field>
                            <field name="read">
                              <string>true</string>
                            </field>
                            <field name="addNode">
                              <string>true</string>
                            </field>
                            <field name="setProperty">
                              <string>true</string>
                            </field>
                            <field name="remove">
                              <string>true</string>
                            </field>
                          </object>
                        </value>
                        <value>
                          <object type="org.exoplatform.services.jcr.ext.hierarchy.impl.HierarchyConfig$Permission">
                            <field name="identity">
                              <string>*:/platform/users</string>
                            </field>
                            <field name="read">
                              <string>true</string>
                            </field>
                            <field name="addNode">
                              <string>true</string>
                            </field>
                            <field name="setProperty">
                              <string>true</string>
                            </field>
                            <field name="remove">
                              <string>false</string>
                            </field>
                          </object>
                        </value>
                      </collection>
                    </field>
                  </object>
                </value>
                <value>
                  <object type="org.exoplatform.services.jcr.ext.hierarchy.impl.HierarchyConfig$JcrPath">
                    <field name="alias">
                      <string>newDocumentsTrashPath</string>
                    </field>
                    <field name="path">
                      <string>/Trash</string>
                    </field>
                    <field name="mixinTypes">
                      <collection type="java.util.ArrayList">
                        <value>
                          <string>exo:hiddenable</string>
                        </value>
                        <value>
                          <string>exo:trashFolder</string>
                        </value>
                      </collection>
                    </field>
                    <field name="permissions">
                      <collection type="java.util.ArrayList">
                        <value>
                          <object type="org.exoplatform.services.jcr.ext.hierarchy.impl.HierarchyConfig$Permission">
                            <field name="identity">
                              <string>*:/platform/administrators</string>
                            </field>
                            <field name="read">
                              <string>true</string>
                            </field>
                            <field name="addNode">
                              <string>true</string>
                            </field>
                            <field name="setProperty">
                              <string>true</string>
                            </field>
                            <field name="remove">
                              <string>true</string>
                            </field>
                          </object>
                        </value>
                      </collection>
                    </field>
                  </object>
                </value>
              </collection>
            </field>
          </object>
        </object-param>
      </init-params>
    </component-plugin>
    <component-plugin>
      <name>addUserPaths</name>
      <set-method>addPlugin</set-method>
      <type>org.exoplatform.services.jcr.ext.hierarchy.impl.UserAddPathPlugin</type>
      <init-params>
        <object-param>
          <name>configuration</name>
          <description>description</description>
          <object type="org.exoplatform.services.jcr.ext.hierarchy.impl.HierarchyConfig">
            <field name="workspaces">
              <collection type="java.util.ArrayList">
                <value>
                  <string>portal-test</string>
                </value>
              </collection>
            </field>
            <field name="jcrPaths">
              <collection type="java.util.ArrayList">
                <value>
                  <object type="org.exoplatform.services.jcr.ext.hierarchy.impl.HierarchyConfig$JcrPath">
                    <field name="alias">
                      <string>userApplicationData</string>
                    </field>
                    <field name="path">
                      <string>ApplicationData</string>
                    </field>
                    <field name="nodeType">
                      <string>nt:unstructured</string>
                    </field>
                    <field name="permissions">
                      <collection type="java.util.ArrayList">
                        <value>
                          <object type="org.exoplatform.services.jcr.ext.hierarchy.impl.HierarchyConfig$Permission">
                            <field name="identity">
                              <string>*:/platform/administrators</string>
                            </field>
                            <field name="read">
                              <string>true</string>
                            </field>
                            <field name="addNode">
                              <string>true</string>
                            </field>
                            <field name="setProperty">
                              <string>true</string>
                            </field>
                            <field name="remove">
                              <string>true</string>
                            </field>
                          </object>
                        </value>
                      </collection>
                    </field>
                    <field name="mixinTypes">
                      <collection type="java.util.ArrayList">
                        <value>
                          <string>exo:hiddenable</string>
                        </value>
                      </collection>
                    </field>
                  </object>
                </value>
                <value>
                  <object type="org.exoplatform.services.jcr.ext.hierarchy.impl.HierarchyConfig$JcrPath">
                    <field name="alias">
                      <string>userPrivate</string>
                    </field>
                    <field name="path">
                      <string>Private</string>
                    </field>
                    <field name="nodeType">
                      <string>nt:unstructured</string>
                    </field>
                  </object>
                </value>
                <value>
                  <object type="org.exoplatform.services.jcr.ext.hierarchy.impl.HierarchyConfig$JcrPath">
                    <field name="alias">
                      <string>userPrivateDocuments</string>
                    </field>
                    <field name="path">
                      <string>Private/Documents</string>
                    </field>
                    <field name="mixinTypes">
                      <collection type="java.util.ArrayList">
                      </collection>
                    </field>
                  </object>
                </value>
                <value>
                  <object type="org.exoplatform.services.jcr.ext.hierarchy.impl.HierarchyConfig$JcrPath">
                    <field name="alias">
                      <string>userPrivateVideo</string>
                    </field>
                    <field name="path">
                      <string>Private/Videos</string>
                    </field>
                    <field name="mixinTypes">
                      <collection type="java.util.ArrayList">
                      </collection>
                    </field>
                  </object>
                </value>
                <value>
                  <object type="org.exoplatform.services.jcr.ext.hierarchy.impl.HierarchyConfig$JcrPath">
                    <field name="alias">
                      <string>userPrivateAudio</string>
                    </field>
                    <field name="path">
                      <string>Private/Music</string>
                    </field>
                    <field name="mixinTypes">
                      <collection type="java.util.ArrayList">
                      </collection>
                    </field>
                  </object>
                </value>
                <value>
                  <object type="org.exoplatform.services.jcr.ext.hierarchy.impl.HierarchyConfig$JcrPath">
                    <field name="alias">
                      <string>userPrivatePicture</string>
                    </field>
                    <field name="path">
                      <string>Private/Pictures</string>
                    </field>
                    <field name="mixinTypes">
                      <collection type="java.util.ArrayList">
                      </collection>
                    </field>
                  </object>
                </value>
                <value>
                  <object type="org.exoplatform.services.jcr.ext.hierarchy.impl.HierarchyConfig$JcrPath">
                    <field name="alias">
                      <string>userPrivateSearches</string>
                    </field>
                    <field name="path">
                      <string>Private/Searches</string>
                    </field>
                    <field name="mixinTypes">
                      <collection type="java.util.ArrayList">
                      </collection>
                    </field>
                  </object>
                </value>
                <value>
                  <object type="org.exoplatform.services.jcr.ext.hierarchy.impl.HierarchyConfig$JcrPath">
                    <field name="alias">
                      <string>userPrivateFavorites</string>
                    </field>
                    <field name="path">
                      <string>Private/Favorites</string>
                    </field>
                    <field name="mixinTypes">
                      <collection type="java.util.ArrayList">
                      </collection>
                    </field>
                  </object>
                </value>
                <value>
                  <object type="org.exoplatform.services.jcr.ext.hierarchy.impl.HierarchyConfig$JcrPath">
                    <field name="alias">
                      <string>userPrivateFolksonomy</string>
                    </field>
                    <field name="path">
                      <string>Private/Folksonomy</string>
                    </field>
                    <field name="mixinTypes">
                      <collection type="java.util.ArrayList">
                      </collection>
                    </field>
                  </object>
                </value>
                <value>
                  <object type="org.exoplatform.services.jcr.ext.hierarchy.impl.HierarchyConfig$JcrPath">
                    <field name="alias">
                      <string>userPublic</string>
                    </field>
                    <field name="path">
                      <string>Public</string>
                    </field>
                    <field name="nodeType">
                      <string>nt:unstructured</string>
                    </field>
                    <field name="permissions">
                      <collection type="java.util.ArrayList">
                        <value>
                          <object type="org.exoplatform.services.jcr.ext.hierarchy.impl.HierarchyConfig$Permission">
                            <field name="identity">
                              <string>any</string>
                            </field>
                            <field name="read">
                              <string>true</string>
                            </field>
                            <field name="addNode">
                              <string>false</string>
                            </field>
                            <field name="setProperty">
                              <string>true</string>
                            </field>
                            <field name="remove">
                              <string>false</string>
                            </field>
                          </object>
                        </value>
                      </collection>
                    </field>
                  </object>
                </value>
              </collection>
            </field>
            <field name="jcrLinks">
              <collection type="java.util.ArrayList">
                <value>
                  <object type="org.exoplatform.services.jcr.ext.hierarchy.impl.HierarchyConfig$JcrLink">
                    <field name="sourcePath">
                      <string>Public</string>
                    </field>
                    <field name="targetPath">
                      <string>Private/Public</string>
                    </field>
                  </object>
                </value>
              </collection>
            </field>
          </object>
        </object-param>
      </init-params>
    </component-plugin>
  </external-component-plugins>

  <external-component-plugins>
    <target-component>org.exoplatform.services.cms.drives.ManageDriveService</target-component>
    <component-plugin>
      <name>manage.drive.plugin</name>
      <set-method>setManageDrivePlugin</set-method>
      <type>org.exoplatform.services.cms.drives.impl.ManageDrivePlugin</type>
      <description>Nothing</description>
      <init-params>
        <object-param>
          <name>Personal Documents</name>
          <description>Personal Documents</description>
          <object type="org.exoplatform.services.cms.drives.DriveData">
            <field name="name">
              <string>Personal Documents</string>
            </field>
            <field name="workspace">
              <string>portal-test</string>
            </field>
            <field name="permissions">
              <string>*:/platform/users</string>
            </field>
            <field name="homePath">
              <string>/Users/${userId}/Private</string>
            </field>
            <field name="icon">
              <string></string>
            </field>
            <field name="views">
              <string>wcm-view, file-view</string>
            </field>
            <field name="viewPreferences">
              <boolean>false</boolean>
            </field>
            <field name="viewNonDocument">
              <boolean>true</boolean>
            </field>
            <field name="viewSideBar">
              <boolean>true</boolean>
            </field>
            <field name="showHiddenNode">
              <boolean>false</boolean>
            </field>
            <field name="allowCreateFolders">
              <string>nt:folder,nt:unstructured</string>
            </field>
            <field name="allowNodeTypesOnTree">
              <string>*</string>
            </field>
          </object>
        </object-param>
        <object-param>
          <name>Groups</name>
          <description>Groups Drive</description>
          <object type="org.exoplatform.services.cms.drives.DriveData">
            <field name="name">
              <string>Groups</string>
            </field>
            <field name="workspace">
              <string>portal-test</string>
            </field>
            <field name="permissions">
              <string>*:/platform/administrators</string>
            </field>
            <field name="homePath">
              <string>/Groups${groupId}/Documents</string>
            </field>
            <field name="icon">
              <string></string>
            </field>
            <field name="views">
              <string>wcm-view, file-view</string>
            </field>
            <field name="viewPreferences">
              <boolean>false</boolean>
            </field>
            <field name="viewNonDocument">
              <boolean>true</boolean>
            </field>
            <field name="viewSideBar">
              <boolean>true</boolean>
            </field>
            <field name="showHiddenNode">
              <boolean>false</boolean>
            </field>
            <field name="allowCreateFolders">
              <string>nt:folder,nt:unstructured</string>
            </field>
            <field name="allowNodeTypesOnTree">
              <string>*</string>
            </field>
          </object>
        </object-param>
      </init-params>
    </component-plugin>
  </external-component-plugins>

  <external-component-plugins>
    <target-component>org.exoplatform.services.organization.OrganizationService</target-component>
    <component-plugin>
      <name>dms.new.group.event.listener</name>
      <set-method>addListenerPlugin</set-method>
      <type>org.exoplatform.services.jcr.ext.hierarchy.impl.NewGroupListener</type>
      <description>description</description>
      <init-params>
        <object-param>
          <name>configuration></name>
          <description>description</description>
          <object type="org.exoplatform.services.jcr.ext.hierarchy.impl.HierarchyConfig">
            <field name="workspaces">
              <collection type="java.util.ArrayList">
                <value>
                  <string>portal-test</string>
                </value>
              </collection>
            </field>
            <field name="jcrPaths">
              <collection type="java.util.ArrayList">
                <value>
                  <object type="org.exoplatform.services.jcr.ext.hierarchy.impl.HierarchyConfig$JcrPath">
                    <field name="alias">
                      <string>groupApplicationData</string>
                    </field>
                    <field name="path">
                      <string>ApplicationData</string>
                    </field>
                    <field name="nodeType">
                      <string>nt:unstructured</string>
                    </field>
                    <field name="permissions">
                      <collection type="java.util.ArrayList">
                        <value>
                          <object type="org.exoplatform.services.jcr.ext.hierarchy.impl.HierarchyConfig$Permission">
                            <field name="identity">
                              <string>*:/platform/administrators</string>
                            </field>
                            <field name="read">
                              <string>true</string>
                            </field>
                            <field name="addNode">
                              <string>true</string>
                            </field>
                            <field name="setProperty">
                              <string>true</string>
                            </field>
                            <field name="remove">
                              <string>true</string>
                            </field>
                          </object>
                        </value>
                      </collection>
                    </field>
                    <field name="mixinTypes">
                      <collection type="java.util.ArrayList">
                        <value>
                          <string>exo:hiddenable</string>
                        </value>
                      </collection>
                    </field>
                  </object>
                </value>
                <value>
                  <object type="org.exoplatform.services.jcr.ext.hierarchy.impl.HierarchyConfig$JcrPath">
                    <field name="alias">
                      <string>documents</string>
                    </field>
                    <field name="path">
                      <string>Documents</string>
                    </field>
                    <field name="nodeType">
                      <string>nt:unstructured</string>
                    </field>
                    <field name="permissions">
                      <collection type="java.util.ArrayList">
                        <value>
                          <object type="org.exoplatform.services.jcr.ext.hierarchy.impl.HierarchyConfig$Permission">
                            <field name="identity">
                              <string>*:/platform/administrators</string>
                            </field>
                            <field name="read">
                              <string>true</string>
                            </field>
                            <field name="addNode">
                              <string>true</string>
                            </field>
                            <field name="setProperty">
                              <string>true</string>
                            </field>
                            <field name="remove">
                              <string>true</string>
                            </field>
                          </object>
                        </value>
                        <value>
                          <object type="org.exoplatform.services.jcr.ext.hierarchy.impl.HierarchyConfig$Permission">
                            <field name="identity">
                              <string>any</string>
                            </field>
                            <field name="read">
                              <string>true</string>
                            </field>
                            <field name="addNode">
                              <string>true</string>
                            </field>
                            <field name="setProperty">
                              <string>false</string>
                            </field>
                            <field name="remove">
                              <string>false</string>
                            </field>
                          </object>
                        </value>
                      </collection>
                    </field>
                    <field name="mixinTypes">
                      <collection type="java.util.ArrayList">
                        <value>
                          <string>exo:hiddenable</string>
                        </value>
                      </collection>
                    </field>
                  </object>
                </value>
                <value>
                  <object type="org.exoplatform.services.jcr.ext.hierarchy.impl.HierarchyConfig$JcrPath">
                    <field name="alias">
                      <string>groupFolksonomy</string>
                    </field>
                    <field name="path">
                      <string>ApplicationData/Tags</string>
                    </field>
                    <field name="nodeType">
                      <string>nt:unstructured</string>
                    </field>
                    <field name="permissions">
                      <collection type="java.util.ArrayList">
                        <value>
                          <object type="org.exoplatform.services.jcr.ext.hierarchy.impl.HierarchyConfig$Permission">
                            <field name="identity">
                              <string>*:/platform/administrators</string>
                            </field>
                            <field name="read">
                              <string>true</string>
                            </field>
                            <field name="addNode">
                              <string>true</string>
                            </field>
                            <field name="setProperty">
                              <string>true</string>
                            </field>
                            <field name="remove">
                              <string>true</string>
                            </field>
                          </object>
                        </value>
                        <value>
                          <object type="org.exoplatform.services.jcr.ext.hierarchy.impl.HierarchyConfig$Permission">
                            <field name="identity">
                              <string>any</string>
                            </field>
                            <field name="read">
                              <string>true</string>
                            </field>
                            <field name="addNode">
                              <string>true</string>
                            </field>
                            <field name="setProperty">
                              <string>false</string>
                            </field>
                            <field name="remove">
                              <string>false</string>
                            </field>
                          </object>
                        </value>
                      </collection>
                    </field>
                    <field name="mixinTypes">
                    </field>
                  </object>
                </value>
              </collection>
            </field>
          </object>
        </object-param>
      </init-params>
    </component-plugin>
    <component-plugin>
      <name>dms.new.user.event.listener</name>
      <set-method>addListenerPlugin</set-method>
      <type>org.exoplatform.services.jcr.ext.hierarchy.impl.NewUserListener</type>
      <description>description</description>
    </component-plugin>
  </external-component-plugins>
  
  <external-component-plugins>
    <target-component>org.exoplatform.upload.UploadService</target-component>
    <component-plugin>
      <name>MIME type Plugins for UploadService</name>
      <set-method>register</set-method>
      <type>org.exoplatform.upload.MimeTypeUploadPlugin</type>
      <init-params>
        <value-param>
          <name>mimetype-path</name>
          <value>war:/conf/wcm-core/mimetype/mimetypes.properties</value>
        </value-param>
        <value-param>
          <name>mimetype-default</name>
          <value>application/octet-stream</value>
        </value-param>
      </init-params>
    </component-plugin>
  </external-component-plugins>

  <external-component-plugins>
    <target-component>org.exoplatform.services.cms.impl.DMSConfiguration</target-component>
    <component-plugin>
      <name>dmsconfiguration.plugin</name>
      <set-method>addPlugin</set-method>
      <type>org.exoplatform.services.cms.impl.DMSRepositoryConfiguration</type>
      <description>DMS Repository configuration</description>
      <init-params>
        <value-param>
          <name>systemWorkspace</name>
          <value>portal-test</value>
        </value-param>
      </init-params>
    </component-plugin>
  </external-component-plugins>

</configuration>
