<?xml version="1.0" encoding="ISO-8859-1"?>

<configuration xmlns:xsi="http://www.w3.org/2001/XMLSchema-instance"
  xsi:schemaLocation="http://www.exoplatform.org/xml/ns/kernel_1_2.xsd http://www.exoplatform.org/xml/ns/kernel_1_2.xsd"
  xmlns="http://www.exoplatform.org/xml/ns/kernel_1_2.xsd">

  <component>
    <type>org.exoplatform.datacollector.SocialDataCollectorService</type>
    <init-params>
      <value-param>
        <name>autostart</name>
        <value>${exo.datacollector.autostart:false}</value>
      </value-param>
      <value-param>
        <name>train-period</name>
        <value>${exo.datacollector.trainPeriod:180}</value>
      </value-param>
    </init-params>
  </component>

  <component>
    <type>org.exoplatform.datacollector.storage.FileStorage</type>
    <!-- init-params>
      <value-param>
        <name>work-directorty</name>
        <value>${exo.data.dir}/data-collector</value>
      </value-param>
    </init-params -->
  </component>


  <component>
    <type>org.exoplatform.datacollector.dao.ActivityCommentedDAO</type>
  </component>
  <component>
    <type>org.exoplatform.datacollector.dao.ActivityPostedDAO</type>
  </component>
  <component>
    <type>org.exoplatform.datacollector.dao.ActivityMentionedDAO</type>
  </component>
  <component>
    <type>org.exoplatform.datacollector.dao.ActivityLikedDAO</type>
  </component>

  <component>
    <type>org.exoplatform.prediction.model.dao.ModelEntityDAO</type>
  </component>

  <component>
    <type>org.exoplatform.datacollector.dao.IdentityProfileDAO</type>
  </component>

  <component>
    <type>org.exoplatform.prediction.TrainingService</type>
  </component>
  
    <!-- DockerTrainingExecutor provider plugin -->
  <external-component-plugins>
    <target-component>org.exoplatform.prediction.TrainingService</target-component>
    <component-plugin>
      <name>set.dockerexecutor.train</name>
      <set-method>addPlugin</set-method>
      <type>org.exoplatform.prediction.DockerScriptsExecutor</type>
      <description>Native scripts executor runs the scripts in a docker container.</description>
       <init-params>
        <value-param>
          <name>container-name</name>
          <value>${exo.datacollector.containerName:tensorflow}</value>
        </value-param>
      </init-params>
    </component-plugin>
  </external-component-plugins>


</configuration>